# JRE version: OpenJDK Runtime Environment (8.0_242-b01) (build 1.8.0_242-release-1644-b01)
# Java VM: OpenJDK 64-Bit Server VM (25.242-b01 mixed mode windows-amd64 compressed oops)
Heap:
 PSYoungGen      total 471552K, used 187137K [0x00000000d5580000, 0x00000000f6680000, 0x0000000100000000)
  eden space 445952K, 36% used [0x00000000d5580000,0x00000000df348298,0x00000000f0900000)
  from space 25600K, 99% used [0x00000000f2b80000,0x00000000f4478320,0x00000000f4480000)
  to   space 35328K, 0% used [0x00000000f0900000,0x00000000f0900000,0x00000000f2b80000)
 ParOldGen       total 134656K, used 53476K [0x0000000080000000, 0x0000000088380000, 0x00000000d5580000)
  object space 134656K, 39% used [0x0000000080000000,0x0000000083439118,0x0000000088380000)
 Metaspace       used 75873K, capacity 82085K, committed 82200K, reserved 1120256K
  class space    used 10894K, capacity 12069K, committed 12080K, reserved 1048576K
GC Heap History (10 events):
Event: 2.553 GC heap before
{Heap before GC invocations=9 (full 2):
 PSYoungGen      total 271360K, used 8266K [0x00000000d5580000, 0x00000000ee200000, 0x0000000100000000)
  eden space 254976K, 0% used [0x00000000d5580000,0x00000000d5580000,0x00000000e4e80000)
  from space 16384K, 50% used [0x00000000e4e80000,0x00000000e5692bb8,0x00000000e5e80000)
  to   space 15360K, 0% used [0x00000000ed300000,0x00000000ed300000,0x00000000ee200000)
 ParOldGen       total 56320K, used 8389K [0x0000000080000000, 0x0000000083700000, 0x00000000d5580000)
  object space 56320K, 14% used [0x0000000080000000,0x0000000080831730,0x0000000083700000)
 Metaspace       used 34321K, capacity 35408K, committed 35496K, reserved 1079296K
  class space    used 4731K, capacity 5003K, committed 5040K, reserved 1048576K
Event: 2.611 GC heap after
Heap after GC invocations=9 (full 2):
 PSYoungGen      total 271360K, used 0K [0x00000000d5580000, 0x00000000ee200000, 0x0000000100000000)
  eden space 254976K, 0% used [0x00000000d5580000,0x00000000d5580000,0x00000000e4e80000)
  from space 16384K, 0% used [0x00000000e4e80000,0x00000000e4e80000,0x00000000e5e80000)
  to   space 15360K, 0% used [0x00000000ed300000,0x00000000ed300000,0x00000000ee200000)
 ParOldGen       total 85504K, used 14485K [0x0000000080000000, 0x0000000085380000, 0x00000000d5580000)
  object space 85504K, 16% used [0x0000000080000000,0x0000000080e25778,0x0000000085380000)
 Metaspace       used 34321K, capacity 35408K, committed 35496K, reserved 1079296K
  class space    used 4731K, capacity 5003K, committed 5040K, reserved 1048576K
}
Event: 3.923 GC heap before
{Heap before GC invocations=10 (full 2):
 PSYoungGen      total 271360K, used 254053K [0x00000000d5580000, 0x00000000ee200000, 0x0000000100000000)
  eden space 254976K, 99% used [0x00000000d5580000,0x00000000e4d99720,0x00000000e4e80000)
  from space 16384K, 0% used [0x00000000e4e80000,0x00000000e4e80000,0x00000000e5e80000)
  to   space 15360K, 0% used [0x00000000ed300000,0x00000000ed300000,0x00000000ee200000)
 ParOldGen       total 85504K, used 14485K [0x0000000080000000, 0x0000000085380000, 0x00000000d5580000)
  object space 85504K, 16% used [0x0000000080000000,0x0000000080e25778,0x0000000085380000)
 Metaspace       used 48025K, capacity 49932K, committed 50216K, reserved 1093632K
  class space    used 6490K, capacity 6876K, committed 6960K, reserved 1048576K
Event: 3.939 GC heap after
Heap after GC invocations=10 (full 2):
 PSYoungGen      total 379904K, used 15352K [0x00000000d5580000, 0x00000000ee200000, 0x0000000100000000)
  eden space 364544K, 0% used [0x00000000d5580000,0x00000000d5580000,0x00000000eb980000)
  from space 15360K, 99% used [0x00000000ed300000,0x00000000ee1fe188,0x00000000ee200000)
  to   space 19968K, 0% used [0x00000000ebb00000,0x00000000ebb00000,0x00000000ece80000)
 ParOldGen       total 85504K, used 20300K [0x0000000080000000, 0x0000000085380000, 0x00000000d5580000)
  object space 85504K, 23% used [0x0000000080000000,0x00000000813d3130,0x0000000085380000)
 Metaspace       used 48025K, capacity 49932K, committed 50216K, reserved 1093632K
  class space    used 6490K, capacity 6876K, committed 6960K, reserved 1048576K
}
Event: 5.003 GC heap before
{Heap before GC invocations=11 (full 2):
 PSYoungGen      total 379904K, used 171538K [0x00000000d5580000, 0x00000000ee200000, 0x0000000100000000)
  eden space 364544K, 42% used [0x00000000d5580000,0x00000000dee06758,0x00000000eb980000)
  from space 15360K, 99% used [0x00000000ed300000,0x00000000ee1fe188,0x00000000ee200000)
  to   space 19968K, 0% used [0x00000000ebb00000,0x00000000ebb00000,0x00000000ece80000)
 ParOldGen       total 85504K, used 20300K [0x0000000080000000, 0x0000000085380000, 0x00000000d5580000)
  object space 85504K, 23% used [0x0000000080000000,0x00000000813d3130,0x0000000085380000)
 Metaspace       used 56602K, capacity 58982K, committed 59160K, reserved 1099776K
  class space    used 7753K, capacity 8227K, committed 8240K, reserved 1048576K
Event: 5.025 GC heap after
Heap after GC invocations=11 (full 2):
 PSYoungGen      total 386048K, used 19940K [0x00000000d5580000, 0x00000000f4480000, 0x0000000100000000)
  eden space 366080K, 0% used [0x00000000d5580000,0x00000000d5580000,0x00000000ebb00000)
  from space 19968K, 99% used [0x00000000ebb00000,0x00000000ece79310,0x00000000ece80000)
  to   space 25600K, 0% used [0x00000000f2b80000,0x00000000f2b80000,0x00000000f4480000)
 ParOldGen       total 85504K, used 25731K [0x0000000080000000, 0x0000000085380000, 0x00000000d5580000)
  object space 85504K, 30% used [0x0000000080000000,0x0000000081920dd0,0x0000000085380000)
 Metaspace       used 56602K, capacity 58982K, committed 59160K, reserved 1099776K
  class space    used 7753K, capacity 8227K, committed 8240K, reserved 1048576K
}
Event: 5.026 GC heap before
{Heap before GC invocations=12 (full 3):
 PSYoungGen      total 386048K, used 19940K [0x00000000d5580000, 0x00000000f4480000, 0x0000000100000000)
  eden space 366080K, 0% used [0x00000000d5580000,0x00000000d5580000,0x00000000ebb00000)
  from space 19968K, 99% used [0x00000000ebb00000,0x00000000ece79310,0x00000000ece80000)
  to   space 25600K, 0% used [0x00000000f2b80000,0x00000000f2b80000,0x00000000f4480000)
 ParOldGen       total 85504K, used 25731K [0x0000000080000000, 0x0000000085380000, 0x00000000d5580000)
  object space 85504K, 30% used [0x0000000080000000,0x0000000081920dd0,0x0000000085380000)
 Metaspace       used 56602K, capacity 58982K, committed 59160K, reserved 1099776K
  class space    used 7753K, capacity 8227K, committed 8240K, reserved 1048576K
Event: 5.154 GC heap after
Heap after GC invocations=12 (full 3):
 PSYoungGen      total 386048K, used 0K [0x00000000d5580000, 0x00000000f4480000, 0x0000000100000000)
  eden space 366080K, 0% used [0x00000000d5580000,0x00000000d5580000,0x00000000ebb00000)
  from space 19968K, 0% used [0x00000000ebb00000,0x00000000ebb00000,0x00000000ece80000)
  to   space 25600K, 0% used [0x00000000f2b80000,0x00000000f2b80000,0x00000000f4480000)
 ParOldGen       total 134656K, used 36999K [0x0000000080000000, 0x0000000088380000, 0x00000000d5580000)
  object space 134656K, 27% used [0x0000000080000000,0x0000000082421fd0,0x0000000088380000)
 Metaspace       used 56544K, capacity 58784K, committed 59160K, reserved 1099776K
  class space    used 7735K, capacity 8194K, committed 8240K, reserved 1048576K
}
Event: 7.028 GC heap before
{Heap before GC invocations=13 (full 3):
 PSYoungGen      total 386048K, used 366080K [0x00000000d5580000, 0x00000000f4480000, 0x0000000100000000)
  eden space 366080K, 100% used [0x00000000d5580000,0x00000000ebb00000,0x00000000ebb00000)
  from space 19968K, 0% used [0x00000000ebb00000,0x00000000ebb00000,0x00000000ece80000)
  to   space 25600K, 0% used [0x00000000f2b80000,0x00000000f2b80000,0x00000000f4480000)
 ParOldGen       total 134656K, used 36999K [0x0000000080000000, 0x0000000088380000, 0x00000000d5580000)
  object space 134656K, 27% used [0x0000000080000000,0x0000000082421fd0,0x0000000088380000)
 Metaspace       used 68803K, capacity 72822K, committed 73112K, reserved 1112064K
  class space    used 9566K, capacity 10297K, committed 10416K, reserved 1048576K
Event: 7.197 GC heap after
Heap after GC invocations=13 (full 3):
 PSYoungGen      total 471552K, used 25568K [0x00000000d5580000, 0x00000000f6680000, 0x0000000100000000)
  eden space 445952K, 0% used [0x00000000d5580000,0x00000000d5580000,0x00000000f0900000)
  from space 25600K, 99% used [0x00000000f2b80000,0x00000000f4478320,0x00000000f4480000)
  to   space 35328K, 0% used [0x00000000f0900000,0x00000000f0900000,0x00000000f2b80000)
 ParOldGen       total 134656K, used 53476K [0x0000000080000000, 0x0000000088380000, 0x00000000d5580000)
  object space 134656K, 39% used [0x0000000080000000,0x0000000083439118,0x0000000088380000)
 Metaspace       used 68803K, capacity 72822K, committed 73112K, reserved 1112064K
  class space    used 9566K, capacity 10297K, committed 10416K, reserved 1048576K
}

