# JRE version: OpenJDK Runtime Environment (8.0_242-b01) (build 1.8.0_242-release-1644-b01)
# Java VM: OpenJDK 64-Bit Server VM (25.242-b01 mixed mode windows-amd64 compressed oops)
Heap:
 PSYoungGen      total 215552K, used 80512K [0x00000000d5580000, 0x00000000e7c00000, 0x0000000100000000)
  eden space 174080K, 22% used [0x00000000d5580000,0x00000000d7ba3348,0x00000000dff80000)
  from space 41472K, 99% used [0x00000000e3480000,0x00000000e5cfcdb0,0x00000000e5d00000)
  to   space 54272K, 0% used [0x00000000dff80000,0x00000000dff80000,0x00000000e3480000)
 ParOldGen       total 201216K, used 104110K [0x0000000080000000, 0x000000008c480000, 0x00000000d5580000)
  object space 201216K, 51% used [0x0000000080000000,0x00000000865ab820,0x000000008c480000)
 Metaspace       used 116383K, capacity 125948K, committed 126104K, reserved 1159168K
  class space    used 14854K, capacity 16507K, committed 16560K, reserved 1048576K
GC Heap History (10 events):
Event: 11969.001 GC heap before
{Heap before GC invocations=58 (full 4):
 PSYoungGen      total 184832K, used 184636K [0x00000000d5580000, 0x00000000e3b00000, 0x0000000100000000)
  eden space 177664K, 100% used [0x00000000d5580000,0x00000000e0300000,0x00000000e0300000)
  from space 7168K, 97% used [0x00000000e0800000,0x00000000e0ecf230,0x00000000e0f00000)
  to   space 28672K, 0% used [0x00000000e1f00000,0x00000000e1f00000,0x00000000e3b00000)
 ParOldGen       total 201216K, used 73311K [0x0000000080000000, 0x000000008c480000, 0x00000000d5580000)
  object space 201216K, 36% used [0x0000000080000000,0x0000000084797da8,0x000000008c480000)
 Metaspace       used 102832K, capacity 111178K, committed 111512K, reserved 1146880K
  class space    used 13007K, capacity 14354K, committed 14512K, reserved 1048576K
Event: 11969.284 GC heap after
Heap after GC invocations=58 (full 4):
 PSYoungGen      total 195072K, used 8217K [0x00000000d5580000, 0x00000000e3500000, 0x0000000100000000)
  eden space 172544K, 0% used [0x00000000d5580000,0x00000000d5580000,0x00000000dfe00000)
  from space 22528K, 36% used [0x00000000e1f00000,0x00000000e27067b0,0x00000000e3500000)
  to   space 28160K, 0% used [0x00000000dfe00000,0x00000000dfe00000,0x00000000e1980000)
 ParOldGen       total 201216K, used 73383K [0x0000000080000000, 0x000000008c480000, 0x00000000d5580000)
  object space 201216K, 36% used [0x0000000080000000,0x00000000847a9da8,0x000000008c480000)
 Metaspace       used 102832K, capacity 111178K, committed 111512K, reserved 1146880K
  class space    used 13007K, capacity 14354K, committed 14512K, reserved 1048576K
}
Event: 11972.314 GC heap before
{Heap before GC invocations=59 (full 4):
 PSYoungGen      total 195072K, used 180761K [0x00000000d5580000, 0x00000000e3500000, 0x0000000100000000)
  eden space 172544K, 100% used [0x00000000d5580000,0x00000000dfe00000,0x00000000dfe00000)
  from space 22528K, 36% used [0x00000000e1f00000,0x00000000e27067b0,0x00000000e3500000)
  to   space 28160K, 0% used [0x00000000dfe00000,0x00000000dfe00000,0x00000000e1980000)
 ParOldGen       total 201216K, used 73383K [0x0000000080000000, 0x000000008c480000, 0x00000000d5580000)
  object space 201216K, 36% used [0x0000000080000000,0x00000000847a9da8,0x000000008c480000)
 Metaspace       used 110864K, capacity 119786K, committed 119960K, reserved 1153024K
  class space    used 14031K, capacity 15476K, committed 15536K, reserved 1048576K
Event: 11972.363 GC heap after
Heap after GC invocations=59 (full 4):
 PSYoungGen      total 184320K, used 16745K [0x00000000d5580000, 0x00000000e3000000, 0x0000000100000000)
  eden space 167424K, 0% used [0x00000000d5580000,0x00000000d5580000,0x00000000df900000)
  from space 16896K, 99% used [0x00000000dfe00000,0x00000000e0e5a530,0x00000000e0e80000)
  to   space 28160K, 0% used [0x00000000e1480000,0x00000000e1480000,0x00000000e3000000)
 ParOldGen       total 201216K, used 73439K [0x0000000080000000, 0x000000008c480000, 0x00000000d5580000)
  object space 201216K, 36% used [0x0000000080000000,0x00000000847b7da8,0x000000008c480000)
 Metaspace       used 110864K, capacity 119786K, committed 119960K, reserved 1153024K
  class space    used 14031K, capacity 15476K, committed 15536K, reserved 1048576K
}
Event: 11982.584 GC heap before
{Heap before GC invocations=60 (full 4):
 PSYoungGen      total 184320K, used 184169K [0x00000000d5580000, 0x00000000e3000000, 0x0000000100000000)
  eden space 167424K, 100% used [0x00000000d5580000,0x00000000df900000,0x00000000df900000)
  from space 16896K, 99% used [0x00000000dfe00000,0x00000000e0e5a530,0x00000000e0e80000)
  to   space 28160K, 0% used [0x00000000e1480000,0x00000000e1480000,0x00000000e3000000)
 ParOldGen       total 201216K, used 73439K [0x0000000080000000, 0x000000008c480000, 0x00000000d5580000)
  object space 201216K, 36% used [0x0000000080000000,0x00000000847b7da8,0x000000008c480000)
 Metaspace       used 115866K, capacity 125142K, committed 125208K, reserved 1159168K
  class space    used 14766K, capacity 16382K, committed 16432K, reserved 1048576K
Event: 11982.867 GC heap after
Heap after GC invocations=60 (full 4):
 PSYoungGen      total 192000K, used 26298K [0x00000000d5580000, 0x00000000e4200000, 0x0000000100000000)
  eden space 163840K, 0% used [0x00000000d5580000,0x00000000d5580000,0x00000000df580000)
  from space 28160K, 93% used [0x00000000e1480000,0x00000000e2e2e9a0,0x00000000e3000000)
  to   space 31744K, 0% used [0x00000000df580000,0x00000000df580000,0x00000000e1480000)
 ParOldGen       total 201216K, used 73487K [0x0000000080000000, 0x000000008c480000, 0x00000000d5580000)
  object space 201216K, 36% used [0x0000000080000000,0x00000000847c3da8,0x000000008c480000)
 Metaspace       used 115866K, capacity 125142K, committed 125208K, reserved 1159168K
  class space    used 14766K, capacity 16382K, committed 16432K, reserved 1048576K
}
Event: 11985.872 GC heap before
{Heap before GC invocations=61 (full 4):
 PSYoungGen      total 192000K, used 190138K [0x00000000d5580000, 0x00000000e4200000, 0x0000000100000000)
  eden space 163840K, 100% used [0x00000000d5580000,0x00000000df580000,0x00000000df580000)
  from space 28160K, 93% used [0x00000000e1480000,0x00000000e2e2e9a0,0x00000000e3000000)
  to   space 31744K, 0% used [0x00000000df580000,0x00000000df580000,0x00000000e1480000)
 ParOldGen       total 201216K, used 73515K [0x0000000080000000, 0x000000008c480000, 0x00000000d5580000)
  object space 201216K, 36% used [0x0000000080000000,0x00000000847cad38,0x000000008c480000)
 Metaspace       used 116255K, capacity 125718K, committed 125848K, reserved 1159168K
  class space    used 14835K, capacity 16462K, committed 16560K, reserved 1048576K
Event: 11986.485 GC heap after
Heap after GC invocations=61 (full 4):
 PSYoungGen      total 195584K, used 31738K [0x00000000d5580000, 0x00000000e5d00000, 0x0000000100000000)
  eden space 163840K, 0% used [0x00000000d5580000,0x00000000d5580000,0x00000000df580000)
  from space 31744K, 99% used [0x00000000df580000,0x00000000e147e8c8,0x00000000e1480000)
  to   space 41472K, 0% used [0x00000000e3480000,0x00000000e3480000,0x00000000e5d00000)
 ParOldGen       total 201216K, used 87119K [0x0000000080000000, 0x000000008c480000, 0x00000000d5580000)
  object space 201216K, 43% used [0x0000000080000000,0x0000000085513ef0,0x000000008c480000)
 Metaspace       used 116255K, capacity 125718K, committed 125848K, reserved 1159168K
  class space    used 14835K, capacity 16462K, committed 16560K, reserved 1048576K
}
Event: 11986.661 GC heap before
{Heap before GC invocations=62 (full 4):
 PSYoungGen      total 195584K, used 195578K [0x00000000d5580000, 0x00000000e5d00000, 0x0000000100000000)
  eden space 163840K, 100% used [0x00000000d5580000,0x00000000df580000,0x00000000df580000)
  from space 31744K, 99% used [0x00000000df580000,0x00000000e147e8c8,0x00000000e1480000)
  to   space 41472K, 0% used [0x00000000e3480000,0x00000000e3480000,0x00000000e5d00000)
 ParOldGen       total 201216K, used 87142K [0x0000000080000000, 0x000000008c480000, 0x00000000d5580000)
  object space 201216K, 43% used [0x0000000080000000,0x00000000855199b8,0x000000008c480000)
 Metaspace       used 116379K, capacity 125948K, committed 126104K, reserved 1159168K
  class space    used 14854K, capacity 16507K, committed 16560K, reserved 1048576K
Event: 11986.834 GC heap after
Heap after GC invocations=62 (full 4):
 PSYoungGen      total 215552K, used 41459K [0x00000000d5580000, 0x00000000e7c00000, 0x0000000100000000)
  eden space 174080K, 0% used [0x00000000d5580000,0x00000000d5580000,0x00000000dff80000)
  from space 41472K, 99% used [0x00000000e3480000,0x00000000e5cfcdb0,0x00000000e5d00000)
  to   space 54272K, 0% used [0x00000000dff80000,0x00000000dff80000,0x00000000e3480000)
 ParOldGen       total 201216K, used 104110K [0x0000000080000000, 0x000000008c480000, 0x00000000d5580000)
  object space 201216K, 51% used [0x0000000080000000,0x00000000865ab820,0x000000008c480000)
 Metaspace       used 116379K, capacity 125948K, committed 126104K, reserved 1159168K
  class space    used 14854K, capacity 16507K, committed 16560K, reserved 1048576K
}

