# JRE version: OpenJDK Runtime Environment (8.0_242-b01) (build 1.8.0_242-release-1644-b01)
# Java VM: OpenJDK 64-Bit Server VM (25.242-b01 mixed mode windows-amd64 compressed oops)
Heap:
 PSYoungGen      total 490496K, used 317662K [0x00000000d5580000, 0x00000000f5680000, 0x0000000100000000)
  eden space 455680K, 65% used [0x00000000d5580000,0x00000000e7717440,0x00000000f1280000)
  from space 34816K, 60% used [0x00000000f1280000,0x00000000f2720668,0x00000000f3480000)
  to   space 25600K, 0% used [0x00000000f3a00000,0x00000000f3a00000,0x00000000f5300000)
 ParOldGen       total 276992K, used 138823K [0x0000000080000000, 0x0000000090e80000, 0x00000000d5580000)
  object space 276992K, 50% used [0x0000000080000000,0x0000000088791fa8,0x0000000090e80000)
 Metaspace       used 78826K, capacity 82880K, committed 87448K, reserved 1124352K
  class space    used 10704K, capacity 11454K, committed 12720K, reserved 1048576K
GC Heap History (10 events):
Event: 20.400 GC heap before
{Heap before GC invocations=24 (full 5):
 PSYoungGen      total 481280K, used 481274K [0x00000000d5580000, 0x00000000f5680000, 0x0000000100000000)
  eden space 455680K, 100% used [0x00000000d5580000,0x00000000f1280000,0x00000000f1280000)
  from space 25600K, 99% used [0x00000000f3a00000,0x00000000f52febf8,0x00000000f5300000)
  to   space 34816K, 0% used [0x00000000f1280000,0x00000000f1280000,0x00000000f3480000)
 ParOldGen       total 276992K, used 99881K [0x0000000080000000, 0x0000000090e80000, 0x00000000d5580000)
  object space 276992K, 36% used [0x0000000080000000,0x000000008618a730,0x0000000090e80000)
 Metaspace       used 78657K, capacity 82720K, committed 87448K, reserved 1124352K
  class space    used 10700K, capacity 11452K, committed 12720K, reserved 1048576K
Event: 20.427 GC heap after
Heap after GC invocations=24 (full 5):
 PSYoungGen      total 490496K, used 27823K [0x00000000d5580000, 0x00000000f5680000, 0x0000000100000000)
  eden space 455680K, 0% used [0x00000000d5580000,0x00000000d5580000,0x00000000f1280000)
  from space 34816K, 79% used [0x00000000f1280000,0x00000000f2dabec8,0x00000000f3480000)
  to   space 25600K, 0% used [0x00000000f3a00000,0x00000000f3a00000,0x00000000f5300000)
 ParOldGen       total 276992K, used 106645K [0x0000000080000000, 0x0000000090e80000, 0x00000000d5580000)
  object space 276992K, 38% used [0x0000000080000000,0x00000000868257b0,0x0000000090e80000)
 Metaspace       used 78657K, capacity 82720K, committed 87448K, reserved 1124352K
  class space    used 10700K, capacity 11452K, committed 12720K, reserved 1048576K
}
Event: 20.683 GC heap before
{Heap before GC invocations=25 (full 5):
 PSYoungGen      total 490496K, used 483503K [0x00000000d5580000, 0x00000000f5680000, 0x0000000100000000)
  eden space 455680K, 100% used [0x00000000d5580000,0x00000000f1280000,0x00000000f1280000)
  from space 34816K, 79% used [0x00000000f1280000,0x00000000f2dabec8,0x00000000f3480000)
  to   space 25600K, 0% used [0x00000000f3a00000,0x00000000f3a00000,0x00000000f5300000)
 ParOldGen       total 276992K, used 106645K [0x0000000080000000, 0x0000000090e80000, 0x00000000d5580000)
  object space 276992K, 38% used [0x0000000080000000,0x00000000868257b0,0x0000000090e80000)
 Metaspace       used 78683K, capacity 82728K, committed 87448K, reserved 1124352K
  class space    used 10700K, capacity 11452K, committed 12720K, reserved 1048576K
Event: 20.707 GC heap after
Heap after GC invocations=25 (full 5):
 PSYoungGen      total 481280K, used 25588K [0x00000000d5580000, 0x00000000f5680000, 0x0000000100000000)
  eden space 455680K, 0% used [0x00000000d5580000,0x00000000d5580000,0x00000000f1280000)
  from space 25600K, 99% used [0x00000000f3a00000,0x00000000f52fd068,0x00000000f5300000)
  to   space 34816K, 0% used [0x00000000f1280000,0x00000000f1280000,0x00000000f3480000)
 ParOldGen       total 276992K, used 116729K [0x0000000080000000, 0x0000000090e80000, 0x00000000d5580000)
  object space 276992K, 42% used [0x0000000080000000,0x00000000871fe7b0,0x0000000090e80000)
 Metaspace       used 78683K, capacity 82728K, committed 87448K, reserved 1124352K
  class space    used 10700K, capacity 11452K, committed 12720K, reserved 1048576K
}
Event: 20.992 GC heap before
{Heap before GC invocations=26 (full 5):
 PSYoungGen      total 481280K, used 481268K [0x00000000d5580000, 0x00000000f5680000, 0x0000000100000000)
  eden space 455680K, 100% used [0x00000000d5580000,0x00000000f1280000,0x00000000f1280000)
  from space 25600K, 99% used [0x00000000f3a00000,0x00000000f52fd068,0x00000000f5300000)
  to   space 34816K, 0% used [0x00000000f1280000,0x00000000f1280000,0x00000000f3480000)
 ParOldGen       total 276992K, used 116729K [0x0000000080000000, 0x0000000090e80000, 0x00000000d5580000)
  object space 276992K, 42% used [0x0000000080000000,0x00000000871fe7b0,0x0000000090e80000)
 Metaspace       used 78719K, capacity 82796K, committed 87448K, reserved 1124352K
  class space    used 10700K, capacity 11452K, committed 12720K, reserved 1048576K
Event: 21.017 GC heap after
Heap after GC invocations=26 (full 5):
 PSYoungGen      total 490496K, used 30490K [0x00000000d5580000, 0x00000000f5680000, 0x0000000100000000)
  eden space 455680K, 0% used [0x00000000d5580000,0x00000000d5580000,0x00000000f1280000)
  from space 34816K, 87% used [0x00000000f1280000,0x00000000f30469a0,0x00000000f3480000)
  to   space 25600K, 0% used [0x00000000f3a00000,0x00000000f3a00000,0x00000000f5300000)
 ParOldGen       total 276992K, used 123286K [0x0000000080000000, 0x0000000090e80000, 0x00000000d5580000)
  object space 276992K, 44% used [0x0000000080000000,0x0000000087865bb0,0x0000000090e80000)
 Metaspace       used 78719K, capacity 82796K, committed 87448K, reserved 1124352K
  class space    used 10700K, capacity 11452K, committed 12720K, reserved 1048576K
}
Event: 21.396 GC heap before
{Heap before GC invocations=27 (full 5):
 PSYoungGen      total 490496K, used 486170K [0x00000000d5580000, 0x00000000f5680000, 0x0000000100000000)
  eden space 455680K, 100% used [0x00000000d5580000,0x00000000f1280000,0x00000000f1280000)
  from space 34816K, 87% used [0x00000000f1280000,0x00000000f30469a0,0x00000000f3480000)
  to   space 25600K, 0% used [0x00000000f3a00000,0x00000000f3a00000,0x00000000f5300000)
 ParOldGen       total 276992K, used 123286K [0x0000000080000000, 0x0000000090e80000, 0x00000000d5580000)
  object space 276992K, 44% used [0x0000000080000000,0x0000000087865bb0,0x0000000090e80000)
 Metaspace       used 78729K, capacity 82796K, committed 87448K, reserved 1124352K
  class space    used 10700K, capacity 11452K, committed 12720K, reserved 1048576K
Event: 21.429 GC heap after
Heap after GC invocations=27 (full 5):
 PSYoungGen      total 481280K, used 25586K [0x00000000d5580000, 0x00000000f5680000, 0x0000000100000000)
  eden space 455680K, 0% used [0x00000000d5580000,0x00000000d5580000,0x00000000f1280000)
  from space 25600K, 99% used [0x00000000f3a00000,0x00000000f52fca48,0x00000000f5300000)
  to   space 34816K, 0% used [0x00000000f1280000,0x00000000f1280000,0x00000000f3480000)
 ParOldGen       total 276992K, used 133169K [0x0000000080000000, 0x0000000090e80000, 0x00000000d5580000)
  object space 276992K, 48% used [0x0000000080000000,0x000000008820c5c0,0x0000000090e80000)
 Metaspace       used 78729K, capacity 82796K, committed 87448K, reserved 1124352K
  class space    used 10700K, capacity 11452K, committed 12720K, reserved 1048576K
}
Event: 22.121 GC heap before
{Heap before GC invocations=28 (full 5):
 PSYoungGen      total 481280K, used 481266K [0x00000000d5580000, 0x00000000f5680000, 0x0000000100000000)
  eden space 455680K, 100% used [0x00000000d5580000,0x00000000f1280000,0x00000000f1280000)
  from space 25600K, 99% used [0x00000000f3a00000,0x00000000f52fca48,0x00000000f5300000)
  to   space 34816K, 0% used [0x00000000f1280000,0x00000000f1280000,0x00000000f3480000)
 ParOldGen       total 276992K, used 133169K [0x0000000080000000, 0x0000000090e80000, 0x00000000d5580000)
  object space 276992K, 48% used [0x0000000080000000,0x000000008820c5c0,0x0000000090e80000)
 Metaspace       used 78770K, capacity 82796K, committed 87448K, reserved 1124352K
  class space    used 10703K, capacity 11452K, committed 12720K, reserved 1048576K
Event: 22.143 GC heap after
Heap after GC invocations=28 (full 5):
 PSYoungGen      total 490496K, used 21121K [0x00000000d5580000, 0x00000000f5680000, 0x0000000100000000)
  eden space 455680K, 0% used [0x00000000d5580000,0x00000000d5580000,0x00000000f1280000)
  from space 34816K, 60% used [0x00000000f1280000,0x00000000f2720668,0x00000000f3480000)
  to   space 25600K, 0% used [0x00000000f3a00000,0x00000000f3a00000,0x00000000f5300000)
 ParOldGen       total 276992K, used 138823K [0x0000000080000000, 0x0000000090e80000, 0x00000000d5580000)
  object space 276992K, 50% used [0x0000000080000000,0x0000000088791fa8,0x0000000090e80000)
 Metaspace       used 78770K, capacity 82796K, committed 87448K, reserved 1124352K
  class space    used 10703K, capacity 11452K, committed 12720K, reserved 1048576K
}

