# JRE version: OpenJDK Runtime Environment (8.0_242-b01) (build 1.8.0_242-release-1644-b01)
# Java VM: OpenJDK 64-Bit Server VM (25.242-b01 mixed mode windows-amd64 compressed oops)
Heap:
 PSYoungGen      total 545280K, used 134829K [0x00000000d5580000, 0x00000000fc680000, 0x0000000100000000)
  eden space 520704K, 23% used [0x00000000d5580000,0x00000000dcaf2f98,0x00000000f5200000)
  from space 24576K, 59% used [0x00000000f6d80000,0x00000000f7bb8490,0x00000000f8580000)
  to   space 28160K, 0% used [0x00000000f5200000,0x00000000f5200000,0x00000000f6d80000)
 ParOldGen       total 117760K, used 59541K [0x0000000080000000, 0x0000000087300000, 0x00000000d5580000)
  object space 117760K, 50% used [0x0000000080000000,0x0000000083a254e8,0x0000000087300000)
 Metaspace       used 82557K, capacity 87188K, committed 87384K, reserved 1124352K
  class space    used 11162K, capacity 12034K, committed 12160K, reserved 1048576K
GC Heap History (10 events):
Event: 4.609 GC heap before
{Heap before GC invocations=11 (full 2):
 PSYoungGen      total 411136K, used 105138K [0x00000000d5580000, 0x00000000f0180000, 0x0000000100000000)
  eden space 396288K, 22% used [0x00000000d5580000,0x00000000dadb0438,0x00000000ed880000)
  from space 14848K, 99% used [0x00000000eed80000,0x00000000efbfc4f8,0x00000000efc00000)
  to   space 20992K, 0% used [0x00000000ed880000,0x00000000ed880000,0x00000000eed00000)
 ParOldGen       total 77824K, used 24101K [0x0000000080000000, 0x0000000084c00000, 0x00000000d5580000)
  object space 77824K, 30% used [0x0000000080000000,0x0000000081789420,0x0000000084c00000)
 Metaspace       used 56366K, capacity 58876K, committed 58968K, reserved 1099776K
  class space    used 7472K, capacity 7980K, committed 8064K, reserved 1048576K
Event: 4.626 GC heap after
Heap after GC invocations=11 (full 2):
 PSYoungGen      total 417280K, used 20985K [0x00000000d5580000, 0x00000000f8580000, 0x0000000100000000)
  eden space 396288K, 0% used [0x00000000d5580000,0x00000000d5580000,0x00000000ed880000)
  from space 20992K, 99% used [0x00000000ed880000,0x00000000eecfe5a0,0x00000000eed00000)
  to   space 24576K, 0% used [0x00000000f6d80000,0x00000000f6d80000,0x00000000f8580000)
 ParOldGen       total 77824K, used 24309K [0x0000000080000000, 0x0000000084c00000, 0x00000000d5580000)
  object space 77824K, 31% used [0x0000000080000000,0x00000000817bd770,0x0000000084c00000)
 Metaspace       used 56366K, capacity 58876K, committed 58968K, reserved 1099776K
  class space    used 7472K, capacity 7980K, committed 8064K, reserved 1048576K
}
Event: 4.626 GC heap before
{Heap before GC invocations=12 (full 3):
 PSYoungGen      total 417280K, used 20985K [0x00000000d5580000, 0x00000000f8580000, 0x0000000100000000)
  eden space 396288K, 0% used [0x00000000d5580000,0x00000000d5580000,0x00000000ed880000)
  from space 20992K, 99% used [0x00000000ed880000,0x00000000eecfe5a0,0x00000000eed00000)
  to   space 24576K, 0% used [0x00000000f6d80000,0x00000000f6d80000,0x00000000f8580000)
 ParOldGen       total 77824K, used 24309K [0x0000000080000000, 0x0000000084c00000, 0x00000000d5580000)
  object space 77824K, 31% used [0x0000000080000000,0x00000000817bd770,0x0000000084c00000)
 Metaspace       used 56366K, capacity 58876K, committed 58968K, reserved 1099776K
  class space    used 7472K, capacity 7980K, committed 8064K, reserved 1048576K
Event: 4.752 GC heap after
Heap after GC invocations=12 (full 3):
 PSYoungGen      total 417280K, used 0K [0x00000000d5580000, 0x00000000f8580000, 0x0000000100000000)
  eden space 396288K, 0% used [0x00000000d5580000,0x00000000d5580000,0x00000000ed880000)
  from space 20992K, 0% used [0x00000000ed880000,0x00000000ed880000,0x00000000eed00000)
  to   space 24576K, 0% used [0x00000000f6d80000,0x00000000f6d80000,0x00000000f8580000)
 ParOldGen       total 117760K, used 34295K [0x0000000080000000, 0x0000000087300000, 0x00000000d5580000)
  object space 117760K, 29% used [0x0000000080000000,0x000000008217deb0,0x0000000087300000)
 Metaspace       used 56268K, capacity 58566K, committed 58968K, reserved 1099776K
  class space    used 7442K, capacity 7933K, committed 8064K, reserved 1048576K
}
Event: 8.258 GC heap before
{Heap before GC invocations=13 (full 3):
 PSYoungGen      total 417280K, used 396288K [0x00000000d5580000, 0x00000000f8580000, 0x0000000100000000)
  eden space 396288K, 100% used [0x00000000d5580000,0x00000000ed880000,0x00000000ed880000)
  from space 20992K, 0% used [0x00000000ed880000,0x00000000ed880000,0x00000000eed00000)
  to   space 24576K, 0% used [0x00000000f6d80000,0x00000000f6d80000,0x00000000f8580000)
 ParOldGen       total 117760K, used 34295K [0x0000000080000000, 0x0000000087300000, 0x00000000d5580000)
  object space 117760K, 29% used [0x0000000080000000,0x000000008217deb0,0x0000000087300000)
 Metaspace       used 76679K, capacity 80000K, committed 80216K, reserved 1118208K
  class space    used 10411K, capacity 11083K, committed 11136K, reserved 1048576K
Event: 8.283 GC heap after
Heap after GC invocations=13 (full 3):
 PSYoungGen      total 519168K, used 24547K [0x00000000d5580000, 0x00000000f8580000, 0x0000000100000000)
  eden space 494592K, 0% used [0x00000000d5580000,0x00000000d5580000,0x00000000f3880000)
  from space 24576K, 99% used [0x00000000f6d80000,0x00000000f8578ee0,0x00000000f8580000)
  to   space 30720K, 0% used [0x00000000f4980000,0x00000000f4980000,0x00000000f6780000)
 ParOldGen       total 117760K, used 41174K [0x0000000080000000, 0x0000000087300000, 0x00000000d5580000)
  object space 117760K, 34% used [0x0000000080000000,0x00000000828359c8,0x0000000087300000)
 Metaspace       used 76679K, capacity 80000K, committed 80216K, reserved 1118208K
  class space    used 10411K, capacity 11083K, committed 11136K, reserved 1048576K
}
Event: 17.946 GC heap before
{Heap before GC invocations=14 (full 3):
 PSYoungGen      total 519168K, used 519139K [0x00000000d5580000, 0x00000000f8580000, 0x0000000100000000)
  eden space 494592K, 100% used [0x00000000d5580000,0x00000000f3880000,0x00000000f3880000)
  from space 24576K, 99% used [0x00000000f6d80000,0x00000000f8578ee0,0x00000000f8580000)
  to   space 30720K, 0% used [0x00000000f4980000,0x00000000f4980000,0x00000000f6780000)
 ParOldGen       total 117760K, used 41174K [0x0000000080000000, 0x0000000087300000, 0x00000000d5580000)
  object space 117760K, 34% used [0x0000000080000000,0x00000000828359c8,0x0000000087300000)
 Metaspace       used 77609K, capacity 80884K, committed 80984K, reserved 1120256K
  class space    used 10479K, capacity 11127K, committed 11136K, reserved 1048576K
Event: 17.971 GC heap after
Heap after GC invocations=14 (full 3):
 PSYoungGen      total 525312K, used 13643K [0x00000000d5580000, 0x00000000f8580000, 0x0000000100000000)
  eden space 494592K, 0% used [0x00000000d5580000,0x00000000d5580000,0x00000000f3880000)
  from space 30720K, 44% used [0x00000000f4980000,0x00000000f56d2e30,0x00000000f6780000)
  to   space 24576K, 0% used [0x00000000f6d80000,0x00000000f6d80000,0x00000000f8580000)
 ParOldGen       total 117760K, used 59533K [0x0000000080000000, 0x0000000087300000, 0x00000000d5580000)
  object space 117760K, 50% used [0x0000000080000000,0x0000000083a234e8,0x0000000087300000)
 Metaspace       used 77609K, capacity 80884K, committed 80984K, reserved 1120256K
  class space    used 10479K, capacity 11127K, committed 11136K, reserved 1048576K
}
Event: 36.145 GC heap before
{Heap before GC invocations=15 (full 3):
 PSYoungGen      total 525312K, used 508235K [0x00000000d5580000, 0x00000000f8580000, 0x0000000100000000)
  eden space 494592K, 100% used [0x00000000d5580000,0x00000000f3880000,0x00000000f3880000)
  from space 30720K, 44% used [0x00000000f4980000,0x00000000f56d2e30,0x00000000f6780000)
  to   space 24576K, 0% used [0x00000000f6d80000,0x00000000f6d80000,0x00000000f8580000)
 ParOldGen       total 117760K, used 59533K [0x0000000080000000, 0x0000000087300000, 0x00000000d5580000)
  object space 117760K, 50% used [0x0000000080000000,0x0000000083a234e8,0x0000000087300000)
 Metaspace       used 79624K, capacity 83016K, committed 83288K, reserved 1122304K
  class space    used 10707K, capacity 11387K, committed 11392K, reserved 1048576K
Event: 36.201 GC heap after
Heap after GC invocations=15 (full 3):
 PSYoungGen      total 545280K, used 14561K [0x00000000d5580000, 0x00000000fc680000, 0x0000000100000000)
  eden space 520704K, 0% used [0x00000000d5580000,0x00000000d5580000,0x00000000f5200000)
  from space 24576K, 59% used [0x00000000f6d80000,0x00000000f7bb8490,0x00000000f8580000)
  to   space 28160K, 0% used [0x00000000f5200000,0x00000000f5200000,0x00000000f6d80000)
 ParOldGen       total 117760K, used 59541K [0x0000000080000000, 0x0000000087300000, 0x00000000d5580000)
  object space 117760K, 50% used [0x0000000080000000,0x0000000083a254e8,0x0000000087300000)
 Metaspace       used 79624K, capacity 83016K, committed 83288K, reserved 1122304K
  class space    used 10707K, capacity 11387K, committed 11392K, reserved 1048576K
}

